
  .   ____          _            __ _ _
 /\\ / ___'_ __ _ _(_)_ __  __ _ \ \ \ \
( ( )\___ | '_ | '_| | '_ \/ _` | \ \ \ \
 \\/  ___)| |_)| | | | | || (_| |  ) ) ) )
  '  |____| .__|_| |_|_| |_\__, | / / / /
 =========|_|==============|___/=/_/_/_/

 :: Spring Boot ::                (v4.0.6)

2026-04-26T00:01:49.423+02:00  INFO 33711 --- [together] [           main] d.k.h.together.TogetherApplication       : Starting TogetherApplication v0.0.1-SNAPSHOT using Java 21.0.10 with PID 33711 (/home/reallyboard/git/projekt_verein/backend/build/libs/together-0.0.1-SNAPSHOT.jar started by reallyboard in /home/reallyboard/git/projekt_verein/frontend)
2026-04-26T00:01:49.427+02:00  INFO 33711 --- [together] [           main] d.k.h.together.TogetherApplication       : No active profile set, falling back to 1 default profile: "default"
2026-04-26T00:01:49.834+02:00  INFO 33711 --- [together] [           main] .s.d.r.c.RepositoryConfigurationDelegate : Multiple Spring Data modules found, entering strict repository configuration mode
2026-04-26T00:01:49.835+02:00  INFO 33711 --- [together] [           main] .s.d.r.c.RepositoryConfigurationDelegate : Bootstrapping Spring Data Reactive Elasticsearch repositories in DEFAULT mode.
2026-04-26T00:01:49.855+02:00  INFO 33711 --- [together] [           main] .RepositoryConfigurationExtensionSupport : Spring Data Reactive Elasticsearch - Could not safely identify store assignment for repository candidate interface de.ks.hackathon.together.angebot.AngebotRepository; If you want this repository to be a Reactive Elasticsearch repository, consider annotating your entities with one of these annotations: org.springframework.data.elasticsearch.annotations.Document (preferred), or consider extending one of the following types with your repository: org.springframework.data.elasticsearch.repository.ReactiveElasticsearchRepository
2026-04-26T00:01:49.856+02:00  INFO 33711 --- [together] [           main] .RepositoryConfigurationExtensionSupport : Spring Data Reactive Elasticsearch - Could not safely identify store assignment for repository candidate interface de.ks.hackathon.together.eigenschaften.EigenschaftRepository; If you want this repository to be a Reactive Elasticsearch repository, consider annotating your entities with one of these annotations: org.springframework.data.elasticsearch.annotations.Document (preferred), or consider extending one of the following types with your repository: org.springframework.data.elasticsearch.repository.ReactiveElasticsearchRepository
2026-04-26T00:01:49.856+02:00  INFO 33711 --- [together] [           main] .RepositoryConfigurationExtensionSupport : Spring Data Reactive Elasticsearch - Could not safely identify store assignment for repository candidate interface de.ks.hackathon.together.vereine.VereinRepository; If you want this repository to be a Reactive Elasticsearch repository, consider annotating your entities with one of these annotations: org.springframework.data.elasticsearch.annotations.Document (preferred), or consider extending one of the following types with your repository: org.springframework.data.elasticsearch.repository.ReactiveElasticsearchRepository
2026-04-26T00:01:49.857+02:00  INFO 33711 --- [together] [           main] .s.d.r.c.RepositoryConfigurationDelegate : Finished Spring Data repository scanning in 17 ms. Found 0 Reactive Elasticsearch repository interfaces.
2026-04-26T00:01:49.860+02:00  INFO 33711 --- [together] [           main] .s.d.r.c.RepositoryConfigurationDelegate : Multiple Spring Data modules found, entering strict repository configuration mode
2026-04-26T00:01:49.860+02:00  INFO 33711 --- [together] [           main] .s.d.r.c.RepositoryConfigurationDelegate : Bootstrapping Spring Data Elasticsearch repositories in DEFAULT mode.
2026-04-26T00:01:49.869+02:00  INFO 33711 --- [together] [           main] .RepositoryConfigurationExtensionSupport : Spring Data Elasticsearch - Could not safely identify store assignment for repository candidate interface de.ks.hackathon.together.angebot.AngebotRepository; If you want this repository to be a Elasticsearch repository, consider annotating your entities with one of these annotations: org.springframework.data.elasticsearch.annotations.Document (preferred), or consider extending one of the following types with your repository: org.springframework.data.elasticsearch.repository.ElasticsearchRepository
2026-04-26T00:01:49.869+02:00  INFO 33711 --- [together] [           main] .RepositoryConfigurationExtensionSupport : Spring Data Elasticsearch - Could not safely identify store assignment for repository candidate interface de.ks.hackathon.together.eigenschaften.EigenschaftRepository; If you want this repository to be a Elasticsearch repository, consider annotating your entities with one of these annotations: org.springframework.data.elasticsearch.annotations.Document (preferred), or consider extending one of the following types with your repository: org.springframework.data.elasticsearch.repository.ElasticsearchRepository
2026-04-26T00:01:49.869+02:00  INFO 33711 --- [together] [           main] .RepositoryConfigurationExtensionSupport : Spring Data Elasticsearch - Could not safely identify store assignment for repository candidate interface de.ks.hackathon.together.vereine.VereinRepository; If you want this repository to be a Elasticsearch repository, consider annotating your entities with one of these annotations: org.springframework.data.elasticsearch.annotations.Document (preferred), or consider extending one of the following types with your repository: org.springframework.data.elasticsearch.repository.ElasticsearchRepository
2026-04-26T00:01:49.869+02:00  INFO 33711 --- [together] [           main] .s.d.r.c.RepositoryConfigurationDelegate : Finished Spring Data repository scanning in 7 ms. Found 0 Elasticsearch repository interfaces.
2026-04-26T00:01:49.884+02:00  INFO 33711 --- [together] [           main] .s.d.r.c.RepositoryConfigurationDelegate : Multiple Spring Data modules found, entering strict repository configuration mode
2026-04-26T00:01:49.885+02:00  INFO 33711 --- [together] [           main] .s.d.r.c.RepositoryConfigurationDelegate : Bootstrapping Spring Data Neo4j repositories in DEFAULT mode.
2026-04-26T00:01:49.922+02:00  INFO 33711 --- [together] [           main] .s.d.r.c.RepositoryConfigurationDelegate : Finished Spring Data repository scanning in 35 ms. Found 0 Neo4j repository interfaces.
2026-04-26T00:01:49.924+02:00  INFO 33711 --- [together] [           main] .s.d.r.c.RepositoryConfigurationDelegate : Multiple Spring Data modules found, entering strict repository configuration mode
2026-04-26T00:01:49.924+02:00  INFO 33711 --- [together] [           main] .s.d.r.c.RepositoryConfigurationDelegate : Bootstrapping Spring Data Neo4j repositories in DEFAULT mode.
2026-04-26T00:01:49.940+02:00  INFO 33711 --- [together] [           main] .s.d.r.c.RepositoryConfigurationDelegate : Finished Spring Data repository scanning in 14 ms. Found 3 Neo4j repository interfaces.
2026-04-26T00:01:50.215+02:00  INFO 33711 --- [together] [           main] o.s.boot.tomcat.TomcatWebServer          : Tomcat initialized with port 8080 (http)
2026-04-26T00:01:50.223+02:00  INFO 33711 --- [together] [           main] o.apache.catalina.core.StandardService   : Starting service [Tomcat]
2026-04-26T00:01:50.223+02:00  INFO 33711 --- [together] [           main] o.apache.catalina.core.StandardEngine    : Starting Servlet engine: [Apache Tomcat/11.0.21]
2026-04-26T00:01:50.239+02:00  INFO 33711 --- [together] [           main] b.w.c.s.WebApplicationContextInitializer : Root WebApplicationContext: initialization completed in 779 ms
2026-04-26T00:01:50.484+02:00  INFO 33711 --- [together] [           main] o.neo4j.driver.internal.DriverFactory    : Driver instance 1468393491 created for server uri 'bolt://localhost:7687'
2026-04-26T00:01:50.558+02:00  WARN 33711 --- [together] [           main] o.s.d.n.c.mapping.Neo4jPersistentEntity  : The entity de.ks.hackathon.together.angebot.Angebot is using a Long value for storing internally generated Neo4j ids. The Neo4j internal Long Ids are deprecated, please consider using an external ID generator.
2026-04-26T00:01:50.572+02:00  WARN 33711 --- [together] [           main] o.s.d.n.c.mapping.Neo4jPersistentEntity  : The entity de.ks.hackathon.together.vereine.Verein is using a Long value for storing internally generated Neo4j ids. The Neo4j internal Long Ids are deprecated, please consider using an external ID generator.
2026-04-26T00:01:50.574+02:00  WARN 33711 --- [together] [           main] o.s.d.n.c.mapping.Neo4jPersistentEntity  : The entity de.ks.hackathon.together.eigenschaften.Eigenschaft is using a Long value for storing internally generated Neo4j ids. The Neo4j internal Long Ids are deprecated, please consider using an external ID generator.
2026-04-26T00:01:50.717+02:00  WARN 33711 --- [together] [           main] .s.a.UserDetailsServiceAutoConfiguration : 

Using generated security password: 5631a22b-c305-4ca2-ae90-0b4ddf558b34

This generated password is for development use only. Your security configuration must be updated before running your application in production.

2026-04-26T00:01:50.722+02:00  INFO 33711 --- [together] [           main] r$InitializeUserDetailsManagerConfigurer : Global AuthenticationManager configured with UserDetailsService bean with name inMemoryUserDetailsManager
2026-04-26T00:01:51.266+02:00  INFO 33711 --- [together] [           main] o.s.boot.tomcat.TomcatWebServer          : Tomcat started on port 8080 (http) with context path '/'
2026-04-26T00:01:51.273+02:00  INFO 33711 --- [together] [           main] d.k.h.together.TogetherApplication       : Started TogetherApplication in 2.106 seconds (process running for 2.39)
2026-04-26T00:02:03.911+02:00  INFO 33711 --- [together] [nio-8080-exec-1] o.a.c.c.C.[Tomcat].[localhost].[/]       : Initializing Spring DispatcherServlet 'dispatcherServlet'
2026-04-26T00:02:03.911+02:00  INFO 33711 --- [together] [nio-8080-exec-1] o.s.web.servlet.DispatcherServlet        : Initializing Servlet 'dispatcherServlet'
2026-04-26T00:02:03.912+02:00  INFO 33711 --- [together] [nio-8080-exec-1] o.s.web.servlet.DispatcherServlet        : Completed initialization in 1 ms
2026-04-26T00:02:03.981+02:00  INFO 33711 --- [together] [ionShutdownHook] o.s.boot.tomcat.GracefulShutdown         : Commencing graceful shutdown. Waiting for active requests to complete
2026-04-26T00:02:03.984+02:00  INFO 33711 --- [together] [tomcat-shutdown] o.s.boot.tomcat.GracefulShutdown         : Graceful shutdown complete
